<?xml version="1.0" encoding="UTF-8" standalone="no"?>
<!--
   EMULAB-COPYRIGHT
   Copyright (c) 2005-2006 University of Utah and the Flux Group.
   All rights reserved.
-->
<vtop pid="testbed" eid="xmltop" xmlns="http://emulab.net/resources/vtop/0.2" xmlns:xsi="http://www.w3.org/2001/XMLSchema-instance">
    <node name="nodeA">
        <node_type type_name="pc" type_slots="1" />
    </node>
</vtop>
