<?xml version="1.0" encoding="UTF-8"?>
<!--
   EMULAB-COPYRIGHT
   Copyright (c) 2005-2006 University of Utah and the Flux Group.
   All rights reserved.
-->
<!DOCTYPE ptop SYSTEM "ptop.dtd">
<ptop xmlns="http://emulab.net/resources/ptop/0.1" testbed="emulab">
<!--
    <node name="pc1">
        <node_type name="pc">
            <limit slots="1" />
        </node_type>
        <node_type name="delay">
            <limit slots="2" />
        </node_type>
        <node_type name="delayinfo">
            <limit slots="2" />
	    <static/>
        </node_type>
        <node_feature name="feature1">
            <feature_weight weight="1.0" />
        </node_feature>
        <node_feature type="local-additive" name="feature2">
            <feature_weight weight="0.5" />
	    <violatable />
        </node_feature>
        <node_option>
            <option_name name="trivial_bw" />
            <option_value value="400" />
        </node_option>
    </node>
    <node name="pc2">
        <node_type name="pc">
            <limit slots="1" />
        </node_type>
        <node_type name="delay">
            <limit slots="2" />
        </node_type>
        <node_type name="delayinfo">
            <limit slots="2" />
	    <static/>
        </node_type>
        <node_feature name="feature1">
            <feature_weight weight="1.0" />
        </node_feature>
        <node_feature name="features2" type="local-additive">
            <feature_weight weight="0.5" />
    	    <violatable/>
        </node_feature>
        <node_option>
            <option_name name="trivial_bw" />
            <option_value value="400" />
        </node_option>
    </node>
    <link name="link1">
        <endpoint node="pc1" interface="eth0" />
        <endpoint node="pc2" interface="eth0" />
        <delay_spec>
            <bandwidth value="100Mbps" />
            <delay value="0ms" />
            <loss value="0.00" />
        </delay_spec>
        <link_type type="ethernet" />
    </link>
-->
</ptop>
